<?xml version="1.0" encoding="UTF-8"?>
<!-- Generated by org.testng.reporters.JUnitXMLReporter -->
<testsuite ignored="0" hostname="DESKTOP-3ACTDR3" failures="0" tests="28" name="New Customer" time="35.104" errors="0" timestamp="31 May 2021 17:03:28 GMT">
  <testcase classname="com.bankguru.Customer.TC_01_New_Customer" name="@BeforeTest beforeTest" time="34.985">
    <failure type="org.openqa.selenium.WebDriverException" message="Failed to decode response from marionette
Build info: version: &amp;apos;3.141.59&amp;apos;, revision: &amp;apos;e82be7d358&amp;apos;, time: &amp;apos;2018-11-14T08:25:53&amp;apos;
System info: host: &amp;apos;DESKTOP-3ACTDR3&amp;apos;, ip: &amp;apos;192.168.188.3&amp;apos;, os.name: &amp;apos;Windows 10&amp;apos;, os.arch: &amp;apos;amd64&amp;apos;, os.version: &amp;apos;10.0&amp;apos;, java.version: &amp;apos;15.0.2&amp;apos;
Driver info: org.openqa.selenium.firefox.FirefoxDriver
Capabilities {acceptInsecureCerts: true, browserName: firefox, browserVersion: 88.0.1, javascriptEnabled: true, moz:accessibilityChecks: false, moz:buildID: 20210504152106, moz:geckodriverVersion: 0.29.0, moz:headless: false, moz:processID: 13132, moz:profile: C:\Users\hanfa\AppData\Loca..., moz:shutdownTimeout: 60000, moz:useNonSpecCompliantPointerOrigin: false, moz:webdriverClick: true, pageLoadStrategy: normal, platform: WINDOWS, platformName: WINDOWS, platformVersion: 10.0, rotatable: false, setWindowRect: true, strictFileInteractability: false, timeouts: {implicit: 0, pageLoad: 300000, script: 30000}, unhandledPromptBehavior: dismiss and notify}
Session ID: bdeca57b-6999-468b-a145-18fd8d94874f
*** Element info: {Using=xpath, value=//input[@name=&amp;apos;uid&amp;apos;]}">
      <![CDATA[org.openqa.selenium.WebDriverException: Failed to decode response from marionette
Build info: version: '3.141.59', revision: 'e82be7d358', time: '2018-11-14T08:25:53'
System info: host: 'DESKTOP-3ACTDR3', ip: '192.168.188.3', os.name: 'Windows 10', os.arch: 'amd64', os.version: '10.0', java.version: '15.0.2'
Driver info: org.openqa.selenium.firefox.FirefoxDriver
Capabilities {acceptInsecureCerts: true, browserName: firefox, browserVersion: 88.0.1, javascriptEnabled: true, moz:accessibilityChecks: false, moz:buildID: 20210504152106, moz:geckodriverVersion: 0.29.0, moz:headless: false, moz:processID: 13132, moz:profile: C:\Users\hanfa\AppData\Loca..., moz:shutdownTimeout: 60000, moz:useNonSpecCompliantPointerOrigin: false, moz:webdriverClick: true, pageLoadStrategy: normal, platform: WINDOWS, platformName: WINDOWS, platformVersion: 10.0, rotatable: false, setWindowRect: true, strictFileInteractability: false, timeouts: {implicit: 0, pageLoad: 300000, script: 30000}, unhandledPromptBehavior: dismiss and notify}
Session ID: bdeca57b-6999-468b-a145-18fd8d94874f
*** Element info: {Using=xpath, value=//input[@name='uid']}
at org.openqa.selenium.remote.http.W3CHttpResponseCodec.createException(W3CHttpResponseCodec.java:187)
at org.openqa.selenium.remote.http.W3CHttpResponseCodec.decode(W3CHttpResponseCodec.java:122)
at org.openqa.selenium.remote.http.W3CHttpResponseCodec.decode(W3CHttpResponseCodec.java:49)
at org.openqa.selenium.remote.HttpCommandExecutor.execute(HttpCommandExecutor.java:158)
at org.openqa.selenium.remote.service.DriverCommandExecutor.execute(DriverCommandExecutor.java:83)
at org.openqa.selenium.remote.RemoteWebDriver.execute(RemoteWebDriver.java:552)
at org.openqa.selenium.remote.RemoteWebDriver.findElement(RemoteWebDriver.java:323)
at org.openqa.selenium.remote.RemoteWebDriver.findElementByXPath(RemoteWebDriver.java:428)
at org.openqa.selenium.By$ByXPath.findElement(By.java:353)
at org.openqa.selenium.remote.RemoteWebDriver.findElement(RemoteWebDriver.java:315)
at org.openqa.selenium.support.ui.ExpectedConditions$7.apply(ExpectedConditions.java:205)
at org.openqa.selenium.support.ui.ExpectedConditions$7.apply(ExpectedConditions.java:201)
at org.openqa.selenium.support.ui.ExpectedConditions$22.apply(ExpectedConditions.java:641)
at org.openqa.selenium.support.ui.ExpectedConditions$22.apply(ExpectedConditions.java:638)
at org.openqa.selenium.support.ui.FluentWait.until(FluentWait.java:249)
at commons.BasePage.waitForElementClickable(BasePage.java:358)
at pageObjects.LoginPageObject.enterUserName(LoginPageObject.java:16)
at commons.BaseTest.Login(BaseTest.java:53)
at com.bankguru.Customer.TC_01_New_Customer.beforeTest(TC_01_New_Customer.java:32)
... Removed 29 stack frames]]>
    </failure>
  </testcase> <!-- @BeforeTest beforeTest -->
  <testcase classname="com.bankguru.Customer.TC_01_New_Customer" name="@AfterTest afterTest" time="0.0">
    <skipped/>
  </testcase> <!-- @AfterTest afterTest -->
  <testcase classname="com.bankguru.Customer.TC_01_New_Customer" name="NC_01_Name_Can_Not_Be_Empty" time="0.0">
    <skipped/>
  </testcase> <!-- NC_01_Name_Can_Not_Be_Empty -->
  <testcase classname="com.bankguru.Customer.TC_01_New_Customer" name="NC_02_Name_Can_Not_Be_Numeric" time="0.0">
    <skipped/>
  </testcase> <!-- NC_02_Name_Can_Not_Be_Numeric -->
  <testcase classname="com.bankguru.Customer.TC_01_New_Customer" name="NC_03_Name_Cannot_have_special_characters" time="0.0">
    <skipped/>
  </testcase> <!-- NC_03_Name_Cannot_have_special_characters -->
  <testcase classname="com.bankguru.Customer.TC_01_New_Customer" name="NC_04_Name_Cannot_havefirstCharacter_asBlankSpace" time="0.0">
    <skipped/>
  </testcase> <!-- NC_04_Name_Cannot_havefirstCharacter_asBlankSpace -->
  <testcase classname="com.bankguru.Customer.TC_01_New_Customer" name="NC_05_Adress_Cannot_Be_Empty" time="0.0">
    <skipped/>
  </testcase> <!-- NC_05_Adress_Cannot_Be_Empty -->
  <testcase classname="com.bankguru.Customer.TC_01_New_Customer" name="NC_06_Adress__havefirst_BlankSpace" time="0.0">
    <skipped/>
  </testcase> <!-- NC_06_Adress__havefirst_BlankSpace -->
  <testcase classname="com.bankguru.Customer.TC_01_New_Customer" name="NC_07_City_Field_Cannot_Be_Empty" time="0.0">
    <skipped/>
  </testcase> <!-- NC_07_City_Field_Cannot_Be_Empty -->
  <testcase classname="com.bankguru.Customer.TC_01_New_Customer" name="NC_08_City_Cannot_Be_Numeric" time="0.0">
    <skipped/>
  </testcase> <!-- NC_08_City_Cannot_Be_Numeric -->
  <testcase classname="com.bankguru.Customer.TC_01_New_Customer" name="NC_09_City_Cannot_have_special_characters" time="0.0">
    <skipped/>
  </testcase> <!-- NC_09_City_Cannot_have_special_characters -->
  <testcase classname="com.bankguru.Customer.TC_01_New_Customer" name="NC_10_City_Cannot_have_first_blankSpace" time="0.0">
    <skipped/>
  </testcase> <!-- NC_10_City_Cannot_have_first_blankSpace -->
  <testcase classname="com.bankguru.Customer.TC_01_New_Customer" name="NC_11_State_Cannot_be_empty" time="0.0">
    <skipped/>
  </testcase> <!-- NC_11_State_Cannot_be_empty -->
  <testcase classname="com.bankguru.Customer.TC_01_New_Customer" name="NC_12_State_Cannot_be_numeric" time="0.0">
    <skipped/>
  </testcase> <!-- NC_12_State_Cannot_be_numeric -->
  <testcase classname="com.bankguru.Customer.TC_01_New_Customer" name="NC_13_State_Cannot_have_specialCharacters" time="0.0">
    <skipped/>
  </testcase> <!-- NC_13_State_Cannot_have_specialCharacters -->
  <testcase classname="com.bankguru.Customer.TC_01_New_Customer" name="NC_14_City_Cannot_have_first_blankSpace" time="0.0">
    <skipped/>
  </testcase> <!-- NC_14_City_Cannot_have_first_blankSpace -->
  <testcase classname="com.bankguru.Customer.TC_01_New_Customer" name="NC_15_PIN_mustbe_numeric" time="0.0">
    <skipped/>
  </testcase> <!-- NC_15_PIN_mustbe_numeric -->
  <testcase classname="com.bankguru.Customer.TC_01_New_Customer" name="NC_16_PIN_cannot_be_empty" time="0.0">
    <skipped/>
  </testcase> <!-- NC_16_PIN_cannot_be_empty -->
  <testcase classname="com.bankguru.Customer.TC_01_New_Customer" name="NC_17_PIN_must_have_6_digits" time="0.0">
    <skipped/>
  </testcase> <!-- NC_17_PIN_must_have_6_digits -->
  <testcase classname="com.bankguru.Customer.TC_01_New_Customer" name="NC_18_PIN_cannot_have_specialCharacters" time="0.0">
    <skipped/>
  </testcase> <!-- NC_18_PIN_cannot_have_specialCharacters -->
  <testcase classname="com.bankguru.Customer.TC_01_New_Customer" name="NC_19_PIN_cannot_have_first_blankSpace" time="0.0">
    <skipped/>
  </testcase> <!-- NC_19_PIN_cannot_have_first_blankSpace -->
  <testcase classname="com.bankguru.Customer.TC_01_New_Customer" name="NC_20_PIN_cannot_have_blankSpace" time="0.0">
    <skipped/>
  </testcase> <!-- NC_20_PIN_cannot_have_blankSpace -->
  <testcase classname="com.bankguru.Customer.TC_01_New_Customer" name="NC_21_Telephone_Cannot_be_empty" time="0.0">
    <skipped/>
  </testcase> <!-- NC_21_Telephone_Cannot_be_empty -->
  <testcase classname="com.bankguru.Customer.TC_01_New_Customer" name="NC_22_Telephone_Cannot_have_first_blankSpace" time="0.0">
    <skipped/>
  </testcase> <!-- NC_22_Telephone_Cannot_have_first_blankSpace -->
  <testcase classname="com.bankguru.Customer.TC_01_New_Customer" name="NC_23_Telephone_Cannot_have_space" time="0.0">
    <skipped/>
  </testcase> <!-- NC_23_Telephone_Cannot_have_space -->
  <testcase classname="com.bankguru.Customer.TC_01_New_Customer" name="NC_24_Telephone_Cannot_have_special_Characters" time="0.0">
    <skipped/>
  </testcase> <!-- NC_24_Telephone_Cannot_have_special_Characters -->
  <testcase classname="com.bankguru.Customer.TC_01_New_Customer" name="NC_25_Email_Cannot_be_empty" time="0.0">
    <skipped/>
  </testcase> <!-- NC_25_Email_Cannot_be_empty -->
  <testcase classname="com.bankguru.Customer.TC_01_New_Customer" name="NC_26_Email_must_be_correct_format" time="0.0">
    <skipped/>
  </testcase> <!-- NC_26_Email_must_be_correct_format -->
  <testcase classname="com.bankguru.Customer.TC_01_New_Customer" name="NC_27_Email_Cannot_have_space" time="0.0">
    <skipped/>
  </testcase> <!-- NC_27_Email_Cannot_have_space -->
  <testcase classname="com.bankguru.Customer.TC_01_New_Customer" name="NC_28_Check_all_fields_label_as_requirement" time="0.0">
    <skipped/>
  </testcase> <!-- NC_28_Check_all_fields_label_as_requirement -->
</testsuite> <!-- New Customer -->
